  [1m[35m (5.0ms)[0m  [1m[35mCREATE TABLE "schema_migrations" ("version" character varying NOT NULL PRIMARY KEY)[0m
  [1m[35m (2.5ms)[0m  [1m[35mCREATE TABLE "ar_internal_metadata" ("key" character varying NOT NULL PRIMARY KEY, "value" character varying, "created_at" timestamp(6) NOT NULL, "updated_at" timestamp(6) NOT NULL)[0m
  [1m[35m (0.1ms)[0m  [1m[34mSELECT pg_try_advisory_lock(6378126389701581375)[0m
  [1m[35m (0.5ms)[0m  [1m[34mSELECT "schema_migrations"."version" FROM "schema_migrations" ORDER BY "schema_migrations"."version" ASC[0m
Migrating to CreateTreasureHunts (20210706205453)
  [1m[36mTRANSACTION (0.1ms)[0m  [1m[35mBEGIN[0m
  [1m[35m (4.3ms)[0m  [1m[35mCREATE TABLE "treasure_hunts" ("id" bigserial primary key, "latitude" float, "longitude" float, "email" character varying, "distance" float, "created_at" timestamp(6) NOT NULL, "updated_at" timestamp(6) NOT NULL)[0m
  [1m[36mActiveRecord::SchemaMigration Create (0.4ms)[0m  [1m[32mINSERT INTO "schema_migrations" ("version") VALUES ($1) RETURNING "version"[0m  [["version", "20210706205453"]]
  [1m[36mTRANSACTION (0.2ms)[0m  [1m[35mCOMMIT[0m
  [1m[36mActiveRecord::InternalMetadata Load (0.3ms)[0m  [1m[34mSELECT "ar_internal_metadata".* FROM "ar_internal_metadata" WHERE "ar_internal_metadata"."key" = $1 LIMIT $2[0m  [["key", "environment"], ["LIMIT", 1]]
  [1m[36mTRANSACTION (0.1ms)[0m  [1m[35mBEGIN[0m
  [1m[36mActiveRecord::InternalMetadata Create (0.4ms)[0m  [1m[32mINSERT INTO "ar_internal_metadata" ("key", "value", "created_at", "updated_at") VALUES ($1, $2, $3, $4) RETURNING "key"[0m  [["key", "environment"], ["value", "development"], ["created_at", "2021-07-06 20:55:01.349526"], ["updated_at", "2021-07-06 20:55:01.349526"]]
  [1m[36mTRANSACTION (0.2ms)[0m  [1m[35mCOMMIT[0m
  [1m[35m (0.2ms)[0m  [1m[34mSELECT pg_advisory_unlock(6378126389701581375)[0m
  [1m[35m (0.5ms)[0m  [1m[34mSELECT "schema_migrations"."version" FROM "schema_migrations" ORDER BY "schema_migrations"."version" ASC[0m
  [1m[35m (0.1ms)[0m  [1m[34mSELECT pg_try_advisory_lock(6378126389701581375)[0m
  [1m[35m (0.7ms)[0m  [1m[34mSELECT "schema_migrations"."version" FROM "schema_migrations" ORDER BY "schema_migrations"."version" ASC[0m
  [1m[36mActiveRecord::InternalMetadata Load (0.4ms)[0m  [1m[34mSELECT "ar_internal_metadata".* FROM "ar_internal_metadata" WHERE "ar_internal_metadata"."key" = $1 LIMIT $2[0m  [["key", "environment"], ["LIMIT", 1]]
  [1m[35m (0.3ms)[0m  [1m[34mSELECT pg_advisory_unlock(6378126389701581375)[0m
  [1m[35m (0.7ms)[0m  [1m[34mSELECT "schema_migrations"."version" FROM "schema_migrations" ORDER BY "schema_migrations"."version" ASC[0m
  [1m[35m (0.2ms)[0m  [1m[34mSELECT "schema_migrations"."version" FROM "schema_migrations" ORDER BY "schema_migrations"."version" ASC[0m
  [1m[35m (0.1ms)[0m  [1m[34mSELECT "ar_internal_metadata"."value" FROM "ar_internal_metadata" WHERE "ar_internal_metadata"."key" = $1[0m  [["key", "environment"]]
  [1m[35m (0.1ms)[0m  [1m[34mSELECT "schema_migrations"."version" FROM "schema_migrations" ORDER BY "schema_migrations"."version" ASC[0m
  [1m[35m (0.1ms)[0m  [1m[34mSELECT "ar_internal_metadata"."value" FROM "ar_internal_metadata" WHERE "ar_internal_metadata"."key" = $1[0m  [["key", "environment"]]
  [1m[35m (0.0ms)[0m  [1m[34mSELECT "schema_migrations"."version" FROM "schema_migrations" ORDER BY "schema_migrations"."version" ASC[0m
  [1m[35m (0.0ms)[0m  [1m[34mSELECT "ar_internal_metadata"."value" FROM "ar_internal_metadata" WHERE "ar_internal_metadata"."key" = $1[0m  [["key", "environment"]]
  [1m[35m (17.4ms)[0m  [1m[35mDROP DATABASE IF EXISTS "treasurehunt_test"[0m
  [1m[35m (35.6ms)[0m  [1m[35mCREATE DATABASE "treasurehunt_test" ENCODING = 'unicode'[0m
  [1m[35mSQL (0.1ms)[0m  [1m[35mCREATE EXTENSION IF NOT EXISTS "plpgsql"[0m
  [1m[35m (0.0ms)[0m  [1m[35mDROP TABLE IF EXISTS "treasure_hunts" CASCADE[0m
  [1m[35m (2.4ms)[0m  [1m[35mCREATE TABLE "treasure_hunts" ("id" bigserial primary key, "latitude" float, "longitude" float, "email" character varying, "distance" float, "created_at" timestamp(6) NOT NULL, "updated_at" timestamp(6) NOT NULL)[0m
  [1m[35m (1.0ms)[0m  [1m[35mCREATE TABLE "schema_migrations" ("version" character varying NOT NULL PRIMARY KEY)[0m
  [1m[35m (0.2ms)[0m  [1m[34mSELECT "schema_migrations"."version" FROM "schema_migrations" ORDER BY "schema_migrations"."version" ASC[0m
  [1m[35m (0.2ms)[0m  [1m[32mINSERT INTO "schema_migrations" (version) VALUES (20210706205453)[0m
  [1m[35m (0.9ms)[0m  [1m[35mCREATE TABLE "ar_internal_metadata" ("key" character varying NOT NULL PRIMARY KEY, "value" character varying, "created_at" timestamp(6) NOT NULL, "updated_at" timestamp(6) NOT NULL)[0m
  [1m[36mActiveRecord::InternalMetadata Load (0.1ms)[0m  [1m[34mSELECT "ar_internal_metadata".* FROM "ar_internal_metadata" WHERE "ar_internal_metadata"."key" = $1 LIMIT $2[0m  [["key", "environment"], ["LIMIT", 1]]
  [1m[36mTRANSACTION (0.0ms)[0m  [1m[35mBEGIN[0m
  [1m[36mActiveRecord::InternalMetadata Create (0.1ms)[0m  [1m[32mINSERT INTO "ar_internal_metadata" ("key", "value", "created_at", "updated_at") VALUES ($1, $2, $3, $4) RETURNING "key"[0m  [["key", "environment"], ["value", "development"], ["created_at", "2021-07-06 20:55:14.254948"], ["updated_at", "2021-07-06 20:55:14.254948"]]
  [1m[36mTRANSACTION (0.1ms)[0m  [1m[35mCOMMIT[0m
  [1m[36mActiveRecord::InternalMetadata Load (0.1ms)[0m  [1m[34mSELECT "ar_internal_metadata".* FROM "ar_internal_metadata" WHERE "ar_internal_metadata"."key" = $1 LIMIT $2[0m  [["key", "environment"], ["LIMIT", 1]]
  [1m[36mTRANSACTION (0.0ms)[0m  [1m[35mBEGIN[0m
  [1m[36mActiveRecord::InternalMetadata Update (0.1ms)[0m  [1m[33mUPDATE "ar_internal_metadata" SET "value" = $1, "updated_at" = $2 WHERE "ar_internal_metadata"."key" = $3[0m  [["value", "test"], ["updated_at", "2021-07-06 20:55:14.257110"], ["key", "environment"]]
  [1m[36mTRANSACTION (0.1ms)[0m  [1m[35mCOMMIT[0m
  [1m[36mActiveRecord::InternalMetadata Load (0.1ms)[0m  [1m[34mSELECT "ar_internal_metadata".* FROM "ar_internal_metadata" WHERE "ar_internal_metadata"."key" = $1 LIMIT $2[0m  [["key", "schema_sha1"], ["LIMIT", 1]]
  [1m[36mTRANSACTION (0.0ms)[0m  [1m[35mBEGIN[0m
  [1m[36mActiveRecord::InternalMetadata Create (0.1ms)[0m  [1m[32mINSERT INTO "ar_internal_metadata" ("key", "value", "created_at", "updated_at") VALUES ($1, $2, $3, $4) RETURNING "key"[0m  [["key", "schema_sha1"], ["value", "9e59cfe694836b5e34c15e7d51b8635250ba5dbf"], ["created_at", "2021-07-06 20:55:14.258886"], ["updated_at", "2021-07-06 20:55:14.258886"]]
  [1m[36mTRANSACTION (0.1ms)[0m  [1m[35mCOMMIT[0m
  [1m[35m (2.9ms)[0m  [1m[34mSELECT COUNT(*) FROM "treasure_hunts"[0m
SuccessMailer#winner: processed outbound mail in 52.8ms
  [1m[35m (0.6ms)[0m  [1m[34mSELECT COUNT(*) FROM "treasure_hunts"[0m
SuccessMailer#winner: processed outbound mail in 3.2ms
  [1m[35m (0.2ms)[0m  [1m[34mSELECT COUNT(*) FROM "treasure_hunts"[0m
SuccessMailer#winner: processed outbound mail in 8.9ms
SuccessMailer#winner: processed outbound mail in 0.6ms
  Rendering layout layouts/mailer.text.erb
  Rendering success_mailer/winner.text.erb within layouts/mailer
  Rendered success_mailer/winner.text.erb within layouts/mailer (Duration: 1.6ms | Allocations: 307)
  Rendered layout layouts/mailer.text.erb (Duration: 2.2ms | Allocations: 465)
SuccessMailer#winner: processed outbound mail in 14.6ms
  Rendering layout layouts/mailer.text.erb
  Rendering success_mailer/winner.text.erb within layouts/mailer
  Rendered success_mailer/winner.text.erb within layouts/mailer (Duration: 0.1ms | Allocations: 5)
  Rendered layout layouts/mailer.text.erb (Duration: 0.3ms | Allocations: 77)
SuccessMailer#winner: processed outbound mail in 2.3ms
Delivered mail 60e560559db9_cc3de8842270@shravans-MacBook-Air.local.mail (12.4ms)
Date: Wed, 07 Jul 2021 09:05:41 +0100
From: shravan.chandrashekharaiah@gmail.com
To: shravan007.c@gmail.com
Message-ID: <60e560559db9_cc3de8842270@shravans-MacBook-Air.local.mail>
Subject: Hey, you've found a treasure, congratulations!
Mime-Version: 1.0
Content-Type: text/plain;
 charset=UTF-8
Content-Transfer-Encoding: 7bit

Hey, you've found a treasure, congratulations!
You are 1 treasure hunter who has found the treasure.

  Rendering layout layouts/mailer.text.erb
  Rendering success_mailer/winner.text.erb within layouts/mailer
  Rendered success_mailer/winner.text.erb within layouts/mailer (Duration: 0.2ms | Allocations: 5)
  Rendered layout layouts/mailer.text.erb (Duration: 0.6ms | Allocations: 77)
SuccessMailer#winner: processed outbound mail in 6.3ms
Delivered mail 60e56588c5800_cc3de8842337@shravans-MacBook-Air.local.mail (459.7ms)
Date: Wed, 07 Jul 2021 09:27:52 +0100
From: shravan.chandrashekharaiah@gmail.com
To: shravan007.c@gmail.com
Message-ID: <60e56588c5800_cc3de8842337@shravans-MacBook-Air.local.mail>
Subject: Hey, you've found a treasure, congratulations!
Mime-Version: 1.0
Content-Type: text/plain;
 charset=UTF-8
Content-Transfer-Encoding: 7bit

Hey, you've found a treasure, congratulations!
You are 1 treasure hunter who has found the treasure.

  Rendering layout layouts/mailer.text.erb
  Rendering success_mailer/winner.text.erb within layouts/mailer
  Rendered success_mailer/winner.text.erb within layouts/mailer (Duration: 0.1ms | Allocations: 5)
  Rendered layout layouts/mailer.text.erb (Duration: 0.6ms | Allocations: 77)
SuccessMailer#winner: processed outbound mail in 4.1ms
Delivered mail 60e565e423ddd_cc3de884249e@shravans-MacBook-Air.local.mail (8098.3ms)
Date: Wed, 07 Jul 2021 09:29:24 +0100
From: shravan.chandrashekharaiah@gmail.com
To: shravan007.c@gmail.com
Message-ID: <60e565e423ddd_cc3de884249e@shravans-MacBook-Air.local.mail>
Subject: Hey, you've found a treasure, congratulations!
Mime-Version: 1.0
Content-Type: text/plain;
 charset=UTF-8
Content-Transfer-Encoding: 7bit

Hey, you've found a treasure, congratulations!
You are 1 treasure hunter who has found the treasure.

  Rendering layout layouts/mailer.text.erb
  Rendering success_mailer/winner.text.erb within layouts/mailer
  Rendered success_mailer/winner.text.erb within layouts/mailer (Duration: 0.2ms | Allocations: 5)
  Rendered layout layouts/mailer.text.erb (Duration: 0.6ms | Allocations: 77)
SuccessMailer#winner: processed outbound mail in 7.3ms
Delivered mail 60e56642ca28c_cc3de88425a5@shravans-MacBook-Air.local.mail (16383.9ms)
Date: Wed, 07 Jul 2021 09:30:58 +0100
From: shravan.chandrashekharaiah@gmail.com
To: shravan007.c@gmail.com
Message-ID: <60e56642ca28c_cc3de88425a5@shravans-MacBook-Air.local.mail>
Subject: Hey, you've found a treasure, congratulations!
Mime-Version: 1.0
Content-Type: text/plain;
 charset=UTF-8
Content-Transfer-Encoding: 7bit

Hey, you've found a treasure, congratulations!
You are 1 treasure hunter who has found the treasure.

[ActiveJob] Enqueued ActionMailer::MailDeliveryJob (Job ID: d72b8504-55b1-45d0-9c0c-ef2e2257d154) to Async(default) with arguments: "SuccessMailer", "winner", "deliver_now", {:args=>[]}
[ActiveJob] [ActionMailer::MailDeliveryJob] [d72b8504-55b1-45d0-9c0c-ef2e2257d154] Performing ActionMailer::MailDeliveryJob (Job ID: d72b8504-55b1-45d0-9c0c-ef2e2257d154) from Async(default) enqueued at 2021-07-07T14:49:26Z with arguments: "SuccessMailer", "winner", "deliver_now", {:args=>[]}
[ActiveJob] [ActionMailer::MailDeliveryJob] [d72b8504-55b1-45d0-9c0c-ef2e2257d154]   Rendering layout layouts/mailer.text.erb
[ActiveJob] [ActionMailer::MailDeliveryJob] [d72b8504-55b1-45d0-9c0c-ef2e2257d154]   Rendering success_mailer/winner.text.erb within layouts/mailer
[ActiveJob] [ActionMailer::MailDeliveryJob] [d72b8504-55b1-45d0-9c0c-ef2e2257d154]   Rendered success_mailer/winner.text.erb within layouts/mailer (Duration: 0.6ms | Allocations: 199)
[ActiveJob] [ActionMailer::MailDeliveryJob] [d72b8504-55b1-45d0-9c0c-ef2e2257d154]   Rendered layout layouts/mailer.text.erb (Duration: 0.8ms | Allocations: 367)
[ActiveJob] [ActionMailer::MailDeliveryJob] [d72b8504-55b1-45d0-9c0c-ef2e2257d154] SuccessMailer#winner: processed outbound mail in 8.6ms
[ActiveJob] [ActionMailer::MailDeliveryJob] [d72b8504-55b1-45d0-9c0c-ef2e2257d154] Delivered mail 60e5bef616ae3_e1852e9042263@shravans-MacBook-Air.local.mail (877.3ms)
[ActiveJob] [ActionMailer::MailDeliveryJob] [d72b8504-55b1-45d0-9c0c-ef2e2257d154] Date: Wed, 07 Jul 2021 15:49:26 +0100
From: shravan.chandrashekharaiah@gmail.com
To: shravan007.c@gmail.com
Message-ID: <60e5bef616ae3_e1852e9042263@shravans-MacBook-Air.local.mail>
Subject: Winner!!!
Mime-Version: 1.0
Content-Type: text/plain;
 charset=UTF-8
Content-Transfer-Encoding: 7bit

Hey, you've found a treasure, congratulations!
You are 1 treasure hunter who has found the treasure.

[ActiveJob] [ActionMailer::MailDeliveryJob] [d72b8504-55b1-45d0-9c0c-ef2e2257d154] Performed ActionMailer::MailDeliveryJob (Job ID: d72b8504-55b1-45d0-9c0c-ef2e2257d154) from Async(default) in 893.47ms
  Rendering layout layouts/mailer.text.erb
  Rendering success_mailer/winner.text.erb within layouts/mailer
  Rendered success_mailer/winner.text.erb within layouts/mailer (Duration: 0.1ms | Allocations: 5)
  Rendered layout layouts/mailer.text.erb (Duration: 0.6ms | Allocations: 78)
SuccessMailer#winner: processed outbound mail in 4.0ms
Delivered mail 60e5bf10440c5_e185e8842387@shravans-MacBook-Air.local.mail (625.0ms)
Date: Wed, 07 Jul 2021 15:49:52 +0100
From: shravan.chandrashekharaiah@gmail.com
To: shravan007.c@gmail.com
Message-ID: <60e5bf10440c5_e185e8842387@shravans-MacBook-Air.local.mail>
Subject: Winner!!!
Mime-Version: 1.0
Content-Type: text/plain;
 charset=UTF-8
Content-Transfer-Encoding: 7bit

Hey, you've found a treasure, congratulations!
You are 1 treasure hunter who has found the treasure.

  Rendering layout layouts/mailer.text.erb
  Rendering success_mailer/winner.text.erb within layouts/mailer
  Rendered success_mailer/winner.text.erb within layouts/mailer (Duration: 0.1ms | Allocations: 5)
  Rendered layout layouts/mailer.text.erb (Duration: 0.4ms | Allocations: 77)
SuccessMailer#winner: processed outbound mail in 4.0ms
Delivered mail 60e5bf8872aca_e185e8842441@shravans-MacBook-Air.local.mail (806.1ms)
Date: Wed, 07 Jul 2021 15:51:52 +0100
From: shravan.chandrashekharaiah@gmail.com
To: shravan007.c@gmail.com
Message-ID: <60e5bf8872aca_e185e8842441@shravans-MacBook-Air.local.mail>
Subject: Winner!!!
Mime-Version: 1.0
Content-Type: text/plain;
 charset=UTF-8
Content-Transfer-Encoding: 7bit

Hey, you've found a treasure, congratulations!
You are 1 treasure hunter who has found the treasure.

  Rendering layout layouts/mailer.text.erb
  Rendering success_mailer/winner.text.erb within layouts/mailer
  Rendered success_mailer/winner.text.erb within layouts/mailer (Duration: 0.2ms | Allocations: 5)
  Rendered layout layouts/mailer.text.erb (Duration: 0.7ms | Allocations: 77)
SuccessMailer#winner: processed outbound mail in 7.2ms
  Rendering layout layouts/mailer.text.erb
  Rendering success_mailer/winner.text.erb within layouts/mailer
  Rendered success_mailer/winner.text.erb within layouts/mailer (Duration: 0.1ms | Allocations: 5)
  Rendered layout layouts/mailer.text.erb (Duration: 0.5ms | Allocations: 77)
SuccessMailer#winner: processed outbound mail in 2.4ms
Delivered mail 60e5bfd599e79_e185e884259@shravans-MacBook-Air.local.mail (667.6ms)
Date: Wed, 07 Jul 2021 15:53:09 +0100
From: shravan.chandrashekharaiah@gmail.com
To: shravan007.c@gmail.com
Message-ID: <60e5bfd599e79_e185e884259@shravans-MacBook-Air.local.mail>
Subject: Winner!!!
Mime-Version: 1.0
Content-Type: text/plain;
 charset=UTF-8
Content-Transfer-Encoding: 7bit

Hey, you've found a treasure, congratulations!
You are 1 treasure hunter who has found the treasure.

  [1m[35m (1.3ms)[0m  [1m[34mSELECT "schema_migrations"."version" FROM "schema_migrations" ORDER BY "schema_migrations"."version" ASC[0m
  [1m[35m (0.3ms)[0m  [1m[34mSELECT "ar_internal_metadata"."value" FROM "ar_internal_metadata" WHERE "ar_internal_metadata"."key" = $1[0m  [["key", "environment"]]
  [1m[35m (0.1ms)[0m  [1m[34mSELECT "schema_migrations"."version" FROM "schema_migrations" ORDER BY "schema_migrations"."version" ASC[0m
  [1m[35m (0.1ms)[0m  [1m[34mSELECT "ar_internal_metadata"."value" FROM "ar_internal_metadata" WHERE "ar_internal_metadata"."key" = $1[0m  [["key", "environment"]]
  [1m[35m (0.1ms)[0m  [1m[34mSELECT "schema_migrations"."version" FROM "schema_migrations" ORDER BY "schema_migrations"."version" ASC[0m
  [1m[35m (0.1ms)[0m  [1m[34mSELECT "ar_internal_metadata"."value" FROM "ar_internal_metadata" WHERE "ar_internal_metadata"."key" = $1[0m  [["key", "environment"]]
  [1m[35m (36.2ms)[0m  [1m[35mDROP DATABASE IF EXISTS "treasurehunt_development"[0m
  [1m[35m (25.9ms)[0m  [1m[35mDROP DATABASE IF EXISTS "treasurehunt_test"[0m
  [1m[35m (118.5ms)[0m  [1m[35mCREATE DATABASE "treasurehunt_development" ENCODING = 'unicode'[0m
  [1m[35m (43.4ms)[0m  [1m[35mCREATE DATABASE "treasurehunt_test" ENCODING = 'unicode'[0m
  [1m[35m (11.3ms)[0m  [1m[35mCREATE TABLE "schema_migrations" ("version" character varying NOT NULL PRIMARY KEY)[0m
  [1m[35m (5.0ms)[0m  [1m[35mCREATE TABLE "ar_internal_metadata" ("key" character varying NOT NULL PRIMARY KEY, "value" character varying, "created_at" timestamp(6) NOT NULL, "updated_at" timestamp(6) NOT NULL)[0m
  [1m[35m (0.1ms)[0m  [1m[34mSELECT pg_try_advisory_lock(6378126389701581375)[0m
  [1m[35m (0.2ms)[0m  [1m[34mSELECT "schema_migrations"."version" FROM "schema_migrations" ORDER BY "schema_migrations"."version" ASC[0m
Migrating to CreateTreasureHunts (20210706205453)
  [1m[35m (0.1ms)[0m  [1m[34mSELECT pg_advisory_unlock(6378126389701581375)[0m
  [1m[35m (0.1ms)[0m  [1m[34mSELECT pg_try_advisory_lock(6378126389701581375)[0m
  [1m[35m (0.6ms)[0m  [1m[34mSELECT "schema_migrations"."version" FROM "schema_migrations" ORDER BY "schema_migrations"."version" ASC[0m
Migrating to CreateTreasureHunts (20210706205453)
  [1m[35m (0.1ms)[0m  [1m[34mSELECT pg_advisory_unlock(6378126389701581375)[0m
  [1m[35m (0.1ms)[0m  [1m[34mSELECT pg_try_advisory_lock(6378126389701581375)[0m
  [1m[35m (0.6ms)[0m  [1m[34mSELECT "schema_migrations"."version" FROM "schema_migrations" ORDER BY "schema_migrations"."version" ASC[0m
Migrating to CreateTreasureHunts (20210706205453)
  [1m[35m (0.1ms)[0m  [1m[34mSELECT pg_advisory_unlock(6378126389701581375)[0m
  [1m[35m (0.1ms)[0m  [1m[34mSELECT pg_try_advisory_lock(6378126389701581375)[0m
  [1m[35m (0.4ms)[0m  [1m[34mSELECT "schema_migrations"."version" FROM "schema_migrations" ORDER BY "schema_migrations"."version" ASC[0m
Migrating to CreateTreasureHunts (20210706205453)
  [1m[35m (0.1ms)[0m  [1m[34mSELECT pg_advisory_unlock(6378126389701581375)[0m
  [1m[35m (0.6ms)[0m  [1m[34mSELECT "schema_migrations"."version" FROM "schema_migrations" ORDER BY "schema_migrations"."version" ASC[0m
  [1m[35m (0.1ms)[0m  [1m[34mSELECT "schema_migrations"."version" FROM "schema_migrations" ORDER BY "schema_migrations"."version" ASC[0m
  [1m[35m (32.6ms)[0m  [1m[35mDROP DATABASE IF EXISTS "treasurehunt_development"[0m
  [1m[35m (18.4ms)[0m  [1m[35mDROP DATABASE IF EXISTS "treasurehunt_test"[0m
  [1m[35m (148.7ms)[0m  [1m[35mCREATE DATABASE "treasurehunt_development" ENCODING = 'unicode'[0m
  [1m[35m (42.3ms)[0m  [1m[35mCREATE DATABASE "treasurehunt_test" ENCODING = 'unicode'[0m
  [1m[35m (6.9ms)[0m  [1m[35mCREATE TABLE "schema_migrations" ("version" character varying NOT NULL PRIMARY KEY)[0m
  [1m[35m (3.2ms)[0m  [1m[35mCREATE TABLE "ar_internal_metadata" ("key" character varying NOT NULL PRIMARY KEY, "value" character varying, "created_at" timestamp(6) NOT NULL, "updated_at" timestamp(6) NOT NULL)[0m
  [1m[35m (0.1ms)[0m  [1m[34mSELECT pg_try_advisory_lock(6378126389701581375)[0m
  [1m[35m (0.4ms)[0m  [1m[34mSELECT "schema_migrations"."version" FROM "schema_migrations" ORDER BY "schema_migrations"."version" ASC[0m
Migrating to CreateTreasureHunts (20210706205453)
  [1m[35m (0.1ms)[0m  [1m[34mSELECT pg_advisory_unlock(6378126389701581375)[0m
  [1m[35m (0.1ms)[0m  [1m[34mSELECT pg_try_advisory_lock(6378126389701581375)[0m
  [1m[35m (0.8ms)[0m  [1m[34mSELECT "schema_migrations"."version" FROM "schema_migrations" ORDER BY "schema_migrations"."version" ASC[0m
Migrating to CreateTreasureHunts (20210706205453)
  [1m[36mTRANSACTION (0.1ms)[0m  [1m[35mBEGIN[0m
  [1m[35m (14.9ms)[0m  [1m[35mCREATE TABLE "treasure_hunts" ("id" bigserial primary key, "latitude" float, "longitude" float, "email" character varying, "distance" float, "winner" boolean DEFAULT FALSE, "created_at" timestamp(6) NOT NULL, "updated_at" timestamp(6) NOT NULL)[0m
  [1m[36mActiveRecord::SchemaMigration Create (0.6ms)[0m  [1m[32mINSERT INTO "schema_migrations" ("version") VALUES ($1) RETURNING "version"[0m  [["version", "20210706205453"]]
  [1m[36mTRANSACTION (0.6ms)[0m  [1m[35mCOMMIT[0m
  [1m[36mActiveRecord::InternalMetadata Load (5.0ms)[0m  [1m[34mSELECT "ar_internal_metadata".* FROM "ar_internal_metadata" WHERE "ar_internal_metadata"."key" = $1 LIMIT $2[0m  [["key", "environment"], ["LIMIT", 1]]
  [1m[36mTRANSACTION (0.1ms)[0m  [1m[35mBEGIN[0m
  [1m[36mActiveRecord::InternalMetadata Create (0.6ms)[0m  [1m[32mINSERT INTO "ar_internal_metadata" ("key", "value", "created_at", "updated_at") VALUES ($1, $2, $3, $4) RETURNING "key"[0m  [["key", "environment"], ["value", "development"], ["created_at", "2021-07-07 15:02:33.113104"], ["updated_at", "2021-07-07 15:02:33.113104"]]
  [1m[36mTRANSACTION (0.3ms)[0m  [1m[35mCOMMIT[0m
  [1m[35m (0.3ms)[0m  [1m[34mSELECT pg_advisory_unlock(6378126389701581375)[0m
  [1m[35m (0.6ms)[0m  [1m[34mSELECT "schema_migrations"."version" FROM "schema_migrations" ORDER BY "schema_migrations"."version" ASC[0m
  [1m[36mTreasureHunt Load (3.3ms)[0m  [1m[34mSELECT "treasure_hunts".* FROM "treasure_hunts" WHERE "treasure_hunts"."winner" = $1 /* loading for inspect */ LIMIT $2[0m  [["winner", true], ["LIMIT", 11]]
  [1m[36mTreasureHunt Load (4.7ms)[0m  [1m[34mSELECT "treasure_hunts".* FROM "treasure_hunts" WHERE (winners = TRUE) /* loading for inspect */ LIMIT $1[0m  [["LIMIT", 11]]
  [1m[36mTreasureHunt Load (0.5ms)[0m  [1m[34mSELECT "treasure_hunts".* FROM "treasure_hunts" WHERE (winner = TRUE) /* loading for inspect */ LIMIT $1[0m  [["LIMIT", 11]]
  [1m[36mTreasureHunt Load (0.3ms)[0m  [1m[34mSELECT "treasure_hunts".* FROM "treasure_hunts" WHERE "treasure_hunts"."created_at" BETWEEN $1 AND $2 /* loading for inspect */ LIMIT $3[0m  [["created_at", "1991-05-14 23:00:00"], ["created_at", "1990-05-15 22:59:59.999999"], ["LIMIT", 11]]
  [1m[36mTreasureHunt Load (0.3ms)[0m  [1m[34mSELECT "treasure_hunts".* FROM "treasure_hunts" WHERE "treasure_hunts"."created_at" BETWEEN $1 AND $2 AND "treasure_hunts"."winner" = $3 /* loading for inspect */ LIMIT $4[0m  [["created_at", "1991-05-14 23:00:00"], ["created_at", "1990-05-15 22:59:59.999999"], ["winner", true], ["LIMIT", 11]]
  [1m[36mTreasureHunt Load (1.4ms)[0m  [1m[34mSELECT "treasure_hunts".* FROM "treasure_hunts" WHERE (winner = TRUE) /* loading for inspect */ LIMIT $1[0m  [["LIMIT", 11]]
